<?xml version="1.0" encoding="UTF-8"?>
<!-- Generated by org.testng.reporters.JUnitReportReporter -->
<testsuite skipped="0" hostname="PradipMahato-PC" name="zRestAssured.TC003_GET_Request_CapcturingTag_Value" tests="1" failures="0" timestamp="30 Apr 2020 11:27:01 GMT" time="6.667" errors="0">
  <testcase name="googleMapTest" time="6.667" classname="zRestAssured.TC003_GET_Request_CapcturingTag_Value"/>
</testsuite> <!-- zRestAssured.TC003_GET_Request_CapcturingTag_Value -->
