<?xml version="1.0" encoding="UTF-8"?>
<!-- Generated by org.testng.reporters.JUnitReportReporter -->
<testsuite skipped="0" hostname="PradipMahato-PC" name="UtilitiesTestProject.UtilitiesTestProject.PDFReaderTest" tests="1" failures="0" timestamp="19 Apr 2020 16:02:12 GMT" time="1.457" errors="0">
  <testcase name="readPDF" time="1.457" classname="UtilitiesTestProject.UtilitiesTestProject.PDFReaderTest"/>
</testsuite> <!-- UtilitiesTestProject.UtilitiesTestProject.PDFReaderTest -->
