<?xml version="1.0" encoding="UTF-8"?>
<!-- Generated by org.testng.reporters.JUnitReportReporter -->
<testsuite skipped="0" hostname="PradipMahato-PC" name="zRestAssured.TC002_POST_Request" tests="1" failures="0" timestamp="30 Apr 2020 13:05:52 GMT" time="9.556" errors="0">
  <testcase name="RegistrationSuccessful" time="9.556" classname="zRestAssured.TC002_POST_Request"/>
</testsuite> <!-- zRestAssured.TC002_POST_Request -->
