<?xml version="1.0" encoding="UTF-8"?>
<!-- Generated by org.testng.reporters.JUnitReportReporter -->
<testsuite skipped="0" hostname="PradipMahato-PC" name="FileUploadPackage.BaseClass" tests="1" failures="0" timestamp="20 Apr 2020 06:18:56 GMT" time="48.478" errors="0">
  <testcase name="setup" time="48.478" classname="FileUploadPackage.BaseClass"/>
</testsuite> <!-- FileUploadPackage.BaseClass -->
