<?xml version="1.0" encoding="UTF-8"?>
<!-- Generated by org.testng.reporters.JUnitReportReporter -->
<testsuite skipped="0" hostname="PradipMahato-PC" name="zRestAssured.TC001_GET_Request" tests="1" failures="0" timestamp="30 Apr 2020 09:18:01 GMT" time="12.338" errors="0">
  <testcase name="getweatherDetails" time="12.338" classname="zRestAssured.TC001_GET_Request"/>
</testsuite> <!-- zRestAssured.TC001_GET_Request -->
