<?xml version="1.0" encoding="UTF-8"?>
<!-- Generated by org.testng.reporters.JUnitReportReporter -->
<testsuite skipped="0" hostname="PradipMahato-PC" name="zRestAssured.TC003_GET_Request" tests="1" failures="0" timestamp="30 Apr 2020 11:26:04 GMT" time="5.382" errors="0">
  <testcase name="googleMapTest" time="5.382" classname="zRestAssured.TC003_GET_Request"/>
</testsuite> <!-- zRestAssured.TC003_GET_Request -->
